==34281== Memcheck, a memory error detector
==34281== Copyright (C) 2002-2022, and GNU GPL'd, by Julian Seward et al.
==34281== Using Valgrind-3.22.0 and LibVEX; rerun with -h for copyright info
==34281== Command: /home/andrew/college/cs_451-parallel_distributed/hw/hw_05/scripts/../target/release/bin/openmp_life -g 10 -s 50 -c 100 -i 010000000000000000000000000000000000000000000000000010001110000000000000000000000000000000000000000011100000000000000000000000000000000000000000000000
==34281== 
==34281== 
==34281== HEAP SUMMARY:
==34281==     in use at exit: 6,864 bytes in 15 blocks
==34281==   total heap usage: 19 allocs, 4 frees, 261,191 bytes allocated
==34281== 
==34281== 2,592 bytes in 9 blocks are possibly lost in loss record 6 of 7
==34281==    at 0x488C0AC: calloc (in /usr/libexec/valgrind/vgpreload_memcheck-arm64-linux.so)
==34281==    by 0x400F553: calloc (rtld-malloc.h:44)
==34281==    by 0x400F553: allocate_dtv (dl-tls.c:370)
==34281==    by 0x400FF5F: _dl_allocate_tls (dl-tls.c:629)
==34281==    by 0x49C6387: allocate_stack (allocatestack.c:429)
==34281==    by 0x49C6387: pthread_create@@GLIBC_2.34 (pthread_create.c:655)
==34281==    by 0x48E00B3: ??? (in /usr/lib/aarch64-linux-gnu/libgomp.so.1.0.0)
==34281==    by 0x48D728F: GOMP_parallel (in /usr/lib/aarch64-linux-gnu/libgomp.so.1.0.0)
==34281==    by 0x108E4F: main (in /home/andrew/college/cs_451-parallel_distributed/hw/hw_05/target/release/bin/openmp_life)
==34281== 
==34281== LEAK SUMMARY:
==34281==    definitely lost: 0 bytes in 0 blocks
==34281==    indirectly lost: 0 bytes in 0 blocks
==34281==      possibly lost: 2,592 bytes in 9 blocks
==34281==    still reachable: 4,272 bytes in 6 blocks
==34281==         suppressed: 0 bytes in 0 blocks
==34281== Reachable blocks (those to which a pointer was found) are not shown.
==34281== To see them, rerun with: --leak-check=full --show-leak-kinds=all
==34281== 
==34281== For lists of detected and suppressed errors, rerun with: -s
==34281== ERROR SUMMARY: 1 errors from 1 contexts (suppressed: 0 from 0)
